2053
2291
2288
2307
2306
2302
2103
2058
2060
2138
2044
2050
2047
2042
2038
2039
2050
2048
2044
2045
2039
2045
2043
2047
2045
2045
2040
2050
2039
2042
2045
2047
2039
2035
2040
2054
2039
2046
2043
2039
2038
2050
2058
2056
2039
2053
2047
2046
2038
2042
2046
2045
2045
2048
2040
2042
2052
2043
2040
2034
2050
2045
2038
2049
2048
2051
2042
2038
2045
2044
2039
2045
2041
2050
2039
2041
2044
2039
2048
2047
2053
2045
2035
2052
2052
2040
2040
2039
2053
2045
2039
2053
2050
2040
2044
2044
2048
2045
2049
2041
2038
2049
2046
2051
2045
2045
2043
2053
2042
2045
2045
2041
2049
2050
2054
2045
2071
2047
2045
2045
2039
2050
2051
2042
2038
2049
2046
2039
2037
2052
2039
2040
2046
2051
2035
2045
2043
2043
2040
2035
2046
2046
2044
2039
2038
2046
2040
2045
2054
2040
2042
2043
2053
2045
2041
2042
2043
2045
2046
2042
2057
2047
2045
2041
2043
2038
2048
2044
2038
2049
2042
2043
2049
2038
2047
2051
2045
2037
2043
2046
2042
2044
2050
2050
2040
2043
2051
2040
2046
2048
2052
2041
2038
2040
2052
2045
2039
2042
2043
2047
2039
2040
2049
2036
2045
2043
2048
2048
2057
2053
2045
2040
2048
2048
2045
2046
2043
2046
2042
2038
2042
2040
2045
2049
2043
2039
2041
2043
2053
2038
2047
2046
2049
2039
2049
2046
2045
2040
2040
2056
2037
2039
2046
2117
2045
2039
2050
2044
2046
2036
2050
2048
2048
2040
2045
2042
2044
2043
2050
2048
2049
2043
2041
2048
2035
2044
2050
2043
2045
2048
2060
2045
2048
2050
2039
2039
2055
2045
2041
2045
2063
2048
2048
2038
2046
2053
2062
2040
2044
2059
2062
2070
2044
2048
2048
2051
2058
2041
2039
2055
2055
2040
2039
2060
2046
2036
2036
2044
2048
2052
2054
2049
2049
2047
2061
2052
2045
2035
2044
2048
2044
2041
2048
2045
2059
2048
2044
2057
2037
2046
2041
2045
2046
2050
2044
2044
6357
6348
6379
4500
3425
2771
2328
2283
2284
6360
5505
4084
3305
2727
2294
2060
2039
2042
2042
2048
2050
2045
2058
2043
2041
2035
2042
2045
2043
2064
2038
2051
2041
2050
2040
2045
2038
2048
2052
2039
2039
2044
2052
2045
2046
2046
2045
2039
2043
2044
2047
2039
2045
2040
2044
2035
2042
2052
2045
2070
2048
2043
2035
2049
2041
2049
2041
2038
6366
6400
6347
4601
3508
2836
2375
2106
2058
2056
2048
2047
2049
2038
2041
2052
2051
2045
2046
2052
6383
6384
6368
4589
3540
2842
2363
2108
2040
2038
2053
2088
2046
2044
2075
2046
2039
2048
2058
2048
2039
2065
2048
2048
2082
2053
2052
2038
2049
6376
6501
6399
4402
4900
3595
2858
2399
2053
2043
2035
2092
2044
6381
5457
3989
3227
2765
2295
2046
2048
2048
2047
2040
2048
2042
2042
2077
2070
2044
2042
2039
2042
2039
2028
2045
2042
2120
2048
2038
2044
2074
2045
2035
2071
2050
2047
2091
2052
2048
2082
2051
2043
2045
2040
2045
2042
2069
2045
2051
2089
2039
2041
2050
6387
6400
6503
4634
3551
2908
2388
2123
2044
2069
2047
2047
2041
2040
2046
2085
2074
2045
2054
2052
2044
2041
2067
6400
6509
6350
4576
3533
2809
2345
2076
2046
2041
2040
2097
2047
2046
2051
6353
6408
5148
3820
3082
2625
2238
2046
2050
2045
2049
2039
2101
2045
2039
2049
2069
2038
2049
2071
2076
2046
2075
2038
2048
2084
2062
2051
2045
2045
2044
2053
2060
2044
2049
2101
2045
2082
2055
2044
2043
2040
2045
2054
2046
2096
2042
2046
2092
2051
2061
2044
6371
6356
6994
4433
3370
2785
2285
2039
2050
2045
2035
2056
2092
2051
2044
2077
2043
2045
2038
2046
2047
2047
2057
2038
2062
2082
6351
6373
6338
4404
3364
2757
2297
2049
2083
2046
2040
2039
2048
6363
6527
4810
3666
2959
2468
2188
2040
2059
2051
2039
2081
2045
2043
2048
2042
2044
2046
2059
2035
2043
2087
2045
2040
2051
2047
2048
2042
2068
2090
2048
2073
6370
6372
6386
4652
3551
2866
2409
2123
2056
2039
2041
2045
2045
2039
2036
2045
2051
2039
2045
6352
6386
5117
3875
3125
2629
2258
2039
2040
2046
2045
2046
2040
2041
2036
2050
2042
2052
2049
2048
2061
2050
2045
2039
2044
2060
2045
2039
2052
2050
2047
2041
2043
2048
2045
2047
2048
2045
2050
2040
2046
2053
2046
2039
2045
2044
2046
2060
2051
2037
2044
2055
2039
2039
2042
2050
2044
2052
2051
2041
2046
2054
2046
2048
2049
2043
2040
2045
2072
2043
2042
2056
2046
2049
2048
2049
2040
6407
6357
5959
4335
3368
2724
2286
2052
2054
2039
2058
2044
2041
2050
2038
2044
2048
2045
2045
2042
2049
2045
2046
2048
2049
2039
2056
2052
2043
2038
2043
2049
2041
2043
2049
2043
2057
2045
2045
2047
2045
2049
2053
2043
2037
2049
2050
2049
2041
2048
2045
2045
2051
2045
2053
2049
2049
2055
2040
2056
2039
2054
2043
2039
2049
2043
2062
2045
2042
2055
2035
2038
2050
2047
2042
2049
2041
2049
2045
2051
2053
2046
2057
2049
2048
2045
6376
6373
6398
4570
3424
2778
2313
2281
2287
6372
5507
4109
3305
2721
2288
2052
2038
2041
2054
2043
2038
2045
2066
2043
2045
2044
2043
2045
2049
2045
2053
2046
2037
2052
2048
2045
2041
2044
2056
2041
2049
2046
2047
2041
2036
2052
2092
2039
2050
2046
2046
2062
2045
2041
2045
2044
2044
2044
2046
2041
2045
2065
2042
2043
2042
2044
2041
2047
2050
2049
2049
2058
2039
2057
2048
6359
6350
6415
4534
3447
2797
2328
2288
2305
2302
2285
2287
2298
2288
2286
2304
2299
2293
2299
2287
2298
2291
2283
2296
2289
2286
2285
2295
2297
2291
2295
2298
2288
2290
2298
2307
2288
2283
2308
2292
2285
2283
2297
2298
2286
2283
2291
2298
2292
2286
2294
2296
2294
2289
2288
2294
2285
2293
2305
2291
2290
2299
2285
2286
2287
2286
2292
2286
2291
2286
2292
2299
2286
2298
2303
2295
2286
2302
2283
2294
2283
2306
2286
2293
2306
2294
2283
2292
2290
2298
2286
2283
2305
2292
2305
2293
2303
2290
2294
2295
2296
2295
2285
2284
2297
2286
2292
2314
2301
2290
2294
2296
2295
2295
2307
2284
2291
2303
2292
2297
2294
2289
2299
2284
2291
2290
2282
2301
2290
2299
2286
2282
2286
2286
2300
2290
2291
2309
2290
2291
2303
2301
2295
2294
2286
2285
2290
2286
2297
2299
2301
2283
2294
2304
2285
2294
2287
2296
2286
2296
2296
2297
2290
2292
2286
2290
2280
2291
2296
2289
2304
2290
2291
2303
2295
2300
2290
2285
2295
2310
2291
2285
2296
2307
2285
2294
2290
2300
2290
2291
2305
2303
2294
2310
2299
2292
2283
2295
2301
2291
2290
2295
2297
2301
2283
2290
2304
2286
2290
2294
2302
2282
2291
2306
2304
2283
2300
2303
2288
2283
2290
2294
2301
2284
2302
2304
2299
2283
2295
2308
2284
2295
2310
2300
2286
2295
2288
2290
2286
2315
2280
2301
2291
2302
2291
2294
2293
2289
2289
2295
2288
2049
2048
2040
2038
2051
2048
2045
2044
2056
2049
2042
2040
2043
2047
2045
2046
2044
2048
2049
2053
2046
2051
2042
2043
2038
2048
2046
2051
2045
2045
2053
2051
2039
2040
2046
2044
2037
2038
2041
2051
2045
2061
2057
2045
2054
2047
2040
2046
2041
2046
2044
2044
2047
2045
2058
2037
2049
2041
2043
2045
2050
2045
2047
2042
2057
2044
2045
2039
2044
2051
2041
2039
2052
2049
2051
2049
2039
2055
2043
2051
2052
2043
2046
2043
2050
2038
2040
2053
2047
2045
2043
2043
2044
2049
2044
2046
2052
2051
2051
2040
2050
2039
2048
2039
2045
2038
2052
2066
2044
2039
2055
2050
2045
2044
2039
2048
2045
2060
2041
2047
2050
2049
2049
2039
2040
2043
2041
2039
2041
2047
2060
2046
2039
2061
2041
2038
2041
2041
2045
2039
2045
2055
2045
2051
2046
2053
2041
2038
2045
2045
2045
2046
2040
2052
2040
2049
2043
2045
2039
2045
2041
2044
2041
2049
2042
2045
2048
2053
2048
2045
2042
2043
2049
2052
2046
2049
2054
2035
2042
2049
2041
2049
2049
2044
2042
2039
2059
2044
2047
2042
2047
2052
2049
2042
2039
2038
2071
2042
2048
2058
2037
2049
2043
2046
2039
2050
2045
2037
2045
2067
2044
2035
2049
2058
2049
2040
2057
2049
2041
2046
2049
2046
2038
2039
2039
2046
2053
2049
2050
2047
2045
2045
2045
2036
2038
2043
2051
2043
2041
2049
2051
2039
2057
2038
2042
2041
2041
2050
2045
2049
2040
2045
2046
2035
2052
2047
2049
2039
2038
2044
2047
2045
2057
2049
2041
2057
2060
2049
2045
2045
2044
2043
2047
2047
2046
2043
2039
2047
2048
2045
2042
2052
2044
2040
2044
2062
2048
2046
2055
2046
2049
2040
2043
2052
2045
2042
2043
2051
2051
2051
2043
2043
2039
2047
2053
2039
2046
2064
2055
2045
2041
2043
2045
2036
2040
2053
2050
2045
2056
2058
2054
2046
2040
2041
2041
2041
2044
2045
2062
2039
2054
2054
2045
2037
2045
2048
2040
2048
2038
2049
2041
2058
2040
2041
2040
2048
2048
6392
6363
6048
4392
3370
2731
2297
2045
2045
2040
2049
2043
2039
2058
2045
2035
2041
2043
2042
2045
2045
2045
2046
2053
2046
2041
2055
2047
2039
2043
2051
2040
2045
2065
2045
2035
2053
2041
2040
2039
2048
2045
2048
2046
2043
2045
2049
2045
2052
2052
2043
2046
2042
2044
2035
2049
2054
2049
2036
2050
2050
2048
2043
2040
2043
2045
2041
2044
2047
2054
2043
2050
2049
2048
2045
2048
2047
2049
2054
2060
2045
2046
2043
2051
2041
2045
2045
2049
2045
2052
2045
2047
2047
2049
2044
2041
2041
2045
2048
2054
2038
2043
2065
2044
2045
2051
2050
2046
2042
2037
2043
2039
2048
2042
2044
2053
2053
2041
2049
2045
2043
2044
2040
2041
2043
2061
2045
2048
2040
2043
2044
2044
2045
2049
2039
2051
2051
2036
2038
2040
2047
2041
2050
2074
2078
2062
2041
2062
2045
2049
2049
2050
2044
2047
2045
2054
2046
2037
2056
2052
2039
2039
2054
2052
2043
2052
2050
2049
2052
2050
2047
2053
2045
2046
2051
2045
2048
2043
2059
2040
2049
2044
2049
2045
2046
2036
2046
2041
2058
2041
2043
2057
2042
2052
2045
2045
2037
2043
2047
2046
2042
2050
2049
2045
2043
2045
2041
2049
2052
2046
2049
2056
2051
2045
2045
2047
2053
2045
2046
2060
2042
2057
2043
2040
2048
2044
2048
2042
2040
2045
2040
2059
2049
2045
2053
2049
2048
2039
2052
2048
2050
2051
2053
2044
2044
2049
2041
2054
2044
2047
2049
2043
2045
2045
2063
2039
2045
2055
2045
2043
2042
2051
2043
2039
2053
2037
2045
2063
2069
2051
2038
2039
2050
2043
2045
2037
2044
2051
2040
2040
2058
2044
2045
2048
2046
2037
2045
2049
2050
2041
2056
2044
2049
2034
2045
2050
2042
2052
2051
2061
2052
2039
2048
2042
2046
2044
2045
2041
2039
2045
2057
2045
2035
2051
2038
2037
2039
2051
2061
2038
2045
2050
2044
2052
2038
2043
2043
2045
2045
2054
2048
2041
2049
2061
2037
2037
2046
2043
2039
2049
2055
2043
2045
2066
2052
2044
2054
2045
2042
2048
2040
2044
2061
2035
2046
2052
2051
2046
2035
2048
2042
2047
2046
2052
2041
2044
2050
2039
2045
2039
2043
2062
2044
2045
2049
2045
2059
2049
2045
2045
2039
2038
2055
2049
2047
2049
2056
2040
2048
2062
2042
2057
2045
2045
2050
2040
2046
2050
2046
2048
2043
2048
2053
2041
2039
2054
2044
2041
2051
2048
2045
2037
2052
2042
2039
2040
2043
2052
2036
2035
2045
2045
2060
2046
2051
2042
2038
2050
2052
2041
2039
2049
2065
2045
2037
2050
2043
2036
2035
2040
2050
2045
2050
2049
2044
2051
2049
2048
2057
2039
2049
2048
2040
2045
2046
2056
2047
2044
2043
2044
2045
2041
2045
2048
2045
2054
2040
